<?xml version="1.0" encoding="UTF-8"?>
<testsuite xmlns:xsi="http://www.w3.org/2001/XMLSchema-instance" xsi:noNamespaceSchemaLocation="https://maven.apache.org/surefire/maven-surefire-plugin/xsd/surefire-test-report-3.0.xsd" version="3.0" name="fi.tuni.prog3.junitorder.OrderTest" time="0.136" tests="16" errors="0" skipped="0" failures="0">
  <properties>
    <property name="java.specification.version" value="17"/>
    <property name="sun.jnu.encoding" value="UTF-8"/>
    <property name="java.class.path" value="/Users/janne/Documents/OHJ3/bsjala/round11/junitorder/target/test-classes:/Users/janne/Documents/OHJ3/bsjala/round11/junitorder/target/classes:/Users/janne/.m2/repository/org/junit/jupiter/junit-jupiter-api/5.8.2/junit-jupiter-api-5.8.2.jar:/Users/janne/.m2/repository/org/opentest4j/opentest4j/1.2.0/opentest4j-1.2.0.jar:/Users/janne/.m2/repository/org/junit/platform/junit-platform-commons/1.8.2/junit-platform-commons-1.8.2.jar:/Users/janne/.m2/repository/org/apiguardian/apiguardian-api/1.1.2/apiguardian-api-1.1.2.jar:/Users/janne/.m2/repository/org/junit/jupiter/junit-jupiter-engine/5.8.2/junit-jupiter-engine-5.8.2.jar:/Users/janne/.m2/repository/org/junit/platform/junit-platform-engine/1.8.2/junit-platform-engine-1.8.2.jar:/Users/janne/.m2/repository/org/junit/vintage/junit-vintage-engine/5.8.2/junit-vintage-engine-5.8.2.jar:/Users/janne/.m2/repository/junit/junit/4.13.2/junit-4.13.2.jar:/Users/janne/.m2/repository/org/hamcrest/hamcrest-core/1.3/hamcrest-core-1.3.jar:/Users/janne/.m2/repository/org/apache/commons/commons-compress/1.21/commons-compress-1.21.jar:/Users/janne/.m2/repository/org/tukaani/xz/1.9/xz-1.9.jar:"/>
    <property name="java.vm.vendor" value="Eclipse Adoptium"/>
    <property name="sun.arch.data.model" value="64"/>
    <property name="java.vendor.url" value="https://adoptium.net/"/>
    <property name="os.name" value="Mac OS X"/>
    <property name="java.vm.specification.version" value="17"/>
    <property name="sun.java.launcher" value="SUN_STANDARD"/>
    <property name="user.country" value="FI"/>
    <property name="sun.boot.library.path" value="/Library/Java/JavaVirtualMachines/temurin-17.jdk/Contents/Home/lib"/>
    <property name="sun.java.command" value="/Users/janne/Documents/OHJ3/bsjala/round11/junitorder/target/surefire/surefirebooter-20230324164450654_3.jar /Users/janne/Documents/OHJ3/bsjala/round11/junitorder/target/surefire 2023-03-24T16-44-50_124-jvmRun1 surefire-20230324164450654_1tmp surefire_0-20230324164450654_2tmp"/>
    <property name="http.nonProxyHosts" value="local|*.local|169.254/16|*.169.254/16"/>
    <property name="jdk.debug" value="release"/>
    <property name="surefire.test.class.path" value="/Users/janne/Documents/OHJ3/bsjala/round11/junitorder/target/test-classes:/Users/janne/Documents/OHJ3/bsjala/round11/junitorder/target/classes:/Users/janne/.m2/repository/org/junit/jupiter/junit-jupiter-api/5.8.2/junit-jupiter-api-5.8.2.jar:/Users/janne/.m2/repository/org/opentest4j/opentest4j/1.2.0/opentest4j-1.2.0.jar:/Users/janne/.m2/repository/org/junit/platform/junit-platform-commons/1.8.2/junit-platform-commons-1.8.2.jar:/Users/janne/.m2/repository/org/apiguardian/apiguardian-api/1.1.2/apiguardian-api-1.1.2.jar:/Users/janne/.m2/repository/org/junit/jupiter/junit-jupiter-engine/5.8.2/junit-jupiter-engine-5.8.2.jar:/Users/janne/.m2/repository/org/junit/platform/junit-platform-engine/1.8.2/junit-platform-engine-1.8.2.jar:/Users/janne/.m2/repository/org/junit/vintage/junit-vintage-engine/5.8.2/junit-vintage-engine-5.8.2.jar:/Users/janne/.m2/repository/junit/junit/4.13.2/junit-4.13.2.jar:/Users/janne/.m2/repository/org/hamcrest/hamcrest-core/1.3/hamcrest-core-1.3.jar:/Users/janne/.m2/repository/org/apache/commons/commons-compress/1.21/commons-compress-1.21.jar:/Users/janne/.m2/repository/org/tukaani/xz/1.9/xz-1.9.jar:"/>
    <property name="sun.cpu.endian" value="little"/>
    <property name="user.home" value="/Users/janne"/>
    <property name="user.language" value="en"/>
    <property name="java.specification.vendor" value="Oracle Corporation"/>
    <property name="java.version.date" value="2022-10-18"/>
    <property name="java.home" value="/Library/Java/JavaVirtualMachines/temurin-17.jdk/Contents/Home"/>
    <property name="file.separator" value="/"/>
    <property name="basedir" value="/Users/janne/Documents/OHJ3/bsjala/round11/junitorder"/>
    <property name="java.vm.compressedOopsMode" value="Zero based"/>
    <property name="line.separator" value="&#10;"/>
    <property name="java.specification.name" value="Java Platform API Specification"/>
    <property name="java.vm.specification.vendor" value="Oracle Corporation"/>
    <property name="surefire.real.class.path" value="/Users/janne/Documents/OHJ3/bsjala/round11/junitorder/target/surefire/surefirebooter-20230324164450654_3.jar"/>
    <property name="sun.management.compiler" value="HotSpot 64-Bit Tiered Compilers"/>
    <property name="ftp.nonProxyHosts" value="local|*.local|169.254/16|*.169.254/16"/>
    <property name="java.runtime.version" value="17.0.5+8"/>
    <property name="user.name" value="janne"/>
    <property name="path.separator" value=":"/>
    <property name="os.version" value="13.2.1"/>
    <property name="java.runtime.name" value="OpenJDK Runtime Environment"/>
    <property name="file.encoding" value="UTF-8"/>
    <property name="java.vm.name" value="OpenJDK 64-Bit Server VM"/>
    <property name="java.vendor.version" value="Temurin-17.0.5+8"/>
    <property name="localRepository" value="/Users/janne/.m2/repository"/>
    <property name="java.vendor.url.bug" value="https://github.com/adoptium/adoptium-support/issues"/>
    <property name="java.io.tmpdir" value="/var/folders/rh/_svsbr3j0qgb4gjc9sh0rd8m0000gn/T/"/>
    <property name="java.version" value="17.0.5"/>
    <property name="user.dir" value="/Users/janne/Documents/OHJ3/bsjala/round11/junitorder"/>
    <property name="os.arch" value="x86_64"/>
    <property name="java.vm.specification.name" value="Java Virtual Machine Specification"/>
    <property name="native.encoding" value="UTF-8"/>
    <property name="java.library.path" value="/Users/janne/Library/Java/Extensions:/Library/Java/Extensions:/Network/Library/Java/Extensions:/System/Library/Java/Extensions:/usr/lib/java:."/>
    <property name="java.vm.info" value="mixed mode, sharing"/>
    <property name="java.vendor" value="Eclipse Adoptium"/>
    <property name="java.vm.version" value="17.0.5+8"/>
    <property name="sun.io.unicode.encoding" value="UnicodeBig"/>
    <property name="socksNonProxyHosts" value="local|*.local|169.254/16|*.169.254/16"/>
    <property name="java.class.version" value="61.0"/>
  </properties>
  <testcase name="testAddItemsByNameValid" classname="fi.tuni.prog3.junitorder.OrderTest" time="0.034"/>
  <testcase name="testGetItemName" classname="fi.tuni.prog3.junitorder.OrderTest" time="0.001"/>
  <testcase name="testGetCount" classname="fi.tuni.prog3.junitorder.OrderTest" time="0.003"/>
  <testcase name="testRemoveItemsValid" classname="fi.tuni.prog3.junitorder.OrderTest" time="0.002"/>
  <testcase name="testGetEntries" classname="fi.tuni.prog3.junitorder.OrderTest" time="0.002"/>
  <testcase name="testGetItemCount" classname="fi.tuni.prog3.junitorder.OrderTest" time="0"/>
  <testcase name="testRemoveItemsInvalid" classname="fi.tuni.prog3.junitorder.OrderTest" time="0.001"/>
  <testcase name="testGetItem" classname="fi.tuni.prog3.junitorder.OrderTest" time="0.001"/>
  <testcase name="testGetEntryCount" classname="fi.tuni.prog3.junitorder.OrderTest" time="0.002"/>
  <testcase name="testItemMethods" classname="fi.tuni.prog3.junitorder.OrderTest" time="0.017"/>
  <testcase name="testAddItemsByNameInvalid" classname="fi.tuni.prog3.junitorder.OrderTest" time="0.001"/>
  <testcase name="testAddItemsInvalid" classname="fi.tuni.prog3.junitorder.OrderTest" time="0.001"/>
  <testcase name="testAddItemsValid" classname="fi.tuni.prog3.junitorder.OrderTest" time="0.004"/>
  <testcase name="testGetUnitPrice" classname="fi.tuni.prog3.junitorder.OrderTest" time="0"/>
  <testcase name="testEquals" classname="fi.tuni.prog3.junitorder.OrderTest" time="0.006"/>
  <testcase name="testIsEmpty" classname="fi.tuni.prog3.junitorder.OrderTest" time="0.001"/>
</testsuite>